

Microchip MPLAB XC8 Assembler V2.36 build 20220127204148 
                                                                                                           Wed Jun 15 09:53:54 2022


     1                           	processor	16F877
     2                           	pagewidth 132
     3                           	psect	udata_shr,global,class=COMMON,space=1,delta=1,noexec
     4                           	psect	udata,global,class=RAM,space=1,delta=1,noexec
     5                           	psect	udata_bank0,global,class=BANK0,space=1,delta=1,noexec
     6                           	psect	udata_bank1,global,class=BANK1,space=1,delta=1,noexec
     7                           	psect	udata_bank2,global,class=BANK2,space=1,delta=1,noexec
     8                           	psect	udata_bank3,global,class=BANK3,space=1,delta=1,noexec
     9                           	psect	code,global,class=CODE,delta=2
    10                           	psect	data,global,class=STRCODE,delta=2,noexec
    11                           	psect	edata,global,class=EEDATA,space=3,delta=2,noexec
    12                           	psect	pa_nodes0,global,class=CODE,delta=2
    13  018D                     
    14                           	psect	edata
    15  0000                     stk_offset	set	0
    16  0000                     auto_size	set	0
    17                           
    18                           ; stack_auto defines a symbol /name/_offset which equates to the
    19                           ; stack offset of the auto object in question
    20  0000'                    
    21                           ; stack_param defines a symbol /name/_offset which equates to the
    22                           ; stack offset of the parameter object in question
    23  0000'                    
    24                           ; alloc_stack adjusts the SP to allocate space for auto objects
    25                           ; it also links in to the btemp symbol so that can be used
    26  0000'                    
    27                           ; restore_stack adjusts the SP to remove all auto and parameter
    28                           ; objects from the stack prior to returning from a function
    29  0000' 0008               	return
